Compilation failed:
    source file: '/Users/raphaeltolila/PycharmProjects/assistant Video/Assistant_Jarvis/opencv/cmake/checks/cpu_popcnt.cpp'
    check option: ''
===== BUILD LOG =====
Change Dir: /Users/raphaeltolila/PycharmProjects/assistant Video/Assistant_Jarvis/build_opencv/CMakeFiles/CMakeTmp

Run Build Command(s):/usr/bin/make -f Makefile cmTC_8749c/fast && /Library/Developer/CommandLineTools/usr/bin/make  -f CMakeFiles/cmTC_8749c.dir/build.make CMakeFiles/cmTC_8749c.dir/build
Building CXX object CMakeFiles/cmTC_8749c.dir/cpu_popcnt.cpp.o
/Library/Developer/CommandLineTools/usr/bin/c++   -O3 -DNDEBUG -isysroot /Library/Developer/CommandLineTools/SDKs/MacOSX12.3.sdk -fPIE -std=c++11 -MD -MT CMakeFiles/cmTC_8749c.dir/cpu_popcnt.cpp.o -MF CMakeFiles/cmTC_8749c.dir/cpu_popcnt.cpp.o.d -o CMakeFiles/cmTC_8749c.dir/cpu_popcnt.cpp.o -c "/Users/raphaeltolila/PycharmProjects/assistant Video/Assistant_Jarvis/opencv/cmake/checks/cpu_popcnt.cpp"
/Users/raphaeltolila/PycharmProjects/assistant Video/Assistant_Jarvis/opencv/cmake/checks/cpu_popcnt.cpp:14:4: error: "__POPCNT__ is not defined by compiler"
#  error "__POPCNT__ is not defined by compiler"
   ^
/Users/raphaeltolila/PycharmProjects/assistant Video/Assistant_Jarvis/opencv/cmake/checks/cpu_popcnt.cpp:22:13: error: use of undeclared identifier 'CV_POPCNT_U32'
    int j = CV_POPCNT_U32(1);
            ^
2 errors generated.
make[1]: *** [CMakeFiles/cmTC_8749c.dir/cpu_popcnt.cpp.o] Error 1
make: *** [cmTC_8749c/fast] Error 2


===== END =====

Compilation failed:
    source file: '/Users/raphaeltolila/PycharmProjects/assistant Video/Assistant_Jarvis/opencv/cmake/checks/cpu_sse42.cpp'
    check option: ''
===== BUILD LOG =====
Change Dir: /Users/raphaeltolila/PycharmProjects/assistant Video/Assistant_Jarvis/build_opencv/CMakeFiles/CMakeTmp

Run Build Command(s):/usr/bin/make -f Makefile cmTC_f0fef/fast && /Library/Developer/CommandLineTools/usr/bin/make  -f CMakeFiles/cmTC_f0fef.dir/build.make CMakeFiles/cmTC_f0fef.dir/build
Building CXX object CMakeFiles/cmTC_f0fef.dir/cpu_sse42.cpp.o
/Library/Developer/CommandLineTools/usr/bin/c++   -O3 -DNDEBUG -isysroot /Library/Developer/CommandLineTools/SDKs/MacOSX12.3.sdk -fPIE -std=c++11 -MD -MT CMakeFiles/cmTC_f0fef.dir/cpu_sse42.cpp.o -MF CMakeFiles/cmTC_f0fef.dir/cpu_sse42.cpp.o.d -o CMakeFiles/cmTC_f0fef.dir/cpu_sse42.cpp.o -c "/Users/raphaeltolila/PycharmProjects/assistant Video/Assistant_Jarvis/opencv/cmake/checks/cpu_sse42.cpp"
/Users/raphaeltolila/PycharmProjects/assistant Video/Assistant_Jarvis/opencv/cmake/checks/cpu_sse42.cpp:5:24: error: always_inline function '_mm_crc32_u8' requires target feature 'sse4.2', but would be inlined into function 'main' that is compiled without support for 'sse4.2'
    unsigned int res = _mm_crc32_u8(1, 2);
                       ^
1 error generated.
make[1]: *** [CMakeFiles/cmTC_f0fef.dir/cpu_sse42.cpp.o] Error 1
make: *** [cmTC_f0fef/fast] Error 2


===== END =====

Compilation failed:
    source file: '/Users/raphaeltolila/PycharmProjects/assistant Video/Assistant_Jarvis/opencv/cmake/checks/cpu_fp16.cpp'
    check option: ''
===== BUILD LOG =====
Change Dir: /Users/raphaeltolila/PycharmProjects/assistant Video/Assistant_Jarvis/build_opencv/CMakeFiles/CMakeTmp

Run Build Command(s):/usr/bin/make -f Makefile cmTC_22522/fast && /Library/Developer/CommandLineTools/usr/bin/make  -f CMakeFiles/cmTC_22522.dir/build.make CMakeFiles/cmTC_22522.dir/build
Building CXX object CMakeFiles/cmTC_22522.dir/cpu_fp16.cpp.o
/Library/Developer/CommandLineTools/usr/bin/c++   -O3 -DNDEBUG -isysroot /Library/Developer/CommandLineTools/SDKs/MacOSX12.3.sdk -fPIE -std=c++11 -MD -MT CMakeFiles/cmTC_22522.dir/cpu_fp16.cpp.o -MF CMakeFiles/cmTC_22522.dir/cpu_fp16.cpp.o.d -o CMakeFiles/cmTC_22522.dir/cpu_fp16.cpp.o -c "/Users/raphaeltolila/PycharmProjects/assistant Video/Assistant_Jarvis/opencv/cmake/checks/cpu_fp16.cpp"
/Users/raphaeltolila/PycharmProjects/assistant Video/Assistant_Jarvis/opencv/cmake/checks/cpu_fp16.cpp:26:2: error: "FP16 is not supported"
#error "FP16 is not supported"
 ^
/Users/raphaeltolila/PycharmProjects/assistant Video/Assistant_Jarvis/opencv/cmake/checks/cpu_fp16.cpp:31:18: error: use of undeclared identifier 'test'
  printf("%d\n", test());
                 ^
2 errors generated.
make[1]: *** [CMakeFiles/cmTC_22522.dir/cpu_fp16.cpp.o] Error 1
make: *** [cmTC_22522/fast] Error 2


===== END =====

Compilation failed:
    source file: '/Users/raphaeltolila/PycharmProjects/assistant Video/Assistant_Jarvis/opencv/cmake/checks/cpu_avx.cpp'
    check option: ''
===== BUILD LOG =====
Change Dir: /Users/raphaeltolila/PycharmProjects/assistant Video/Assistant_Jarvis/build_opencv/CMakeFiles/CMakeTmp

Run Build Command(s):/usr/bin/make -f Makefile cmTC_0953e/fast && /Library/Developer/CommandLineTools/usr/bin/make  -f CMakeFiles/cmTC_0953e.dir/build.make CMakeFiles/cmTC_0953e.dir/build
Building CXX object CMakeFiles/cmTC_0953e.dir/cpu_avx.cpp.o
/Library/Developer/CommandLineTools/usr/bin/c++   -O3 -DNDEBUG -isysroot /Library/Developer/CommandLineTools/SDKs/MacOSX12.3.sdk -fPIE -std=c++11 -MD -MT CMakeFiles/cmTC_0953e.dir/cpu_avx.cpp.o -MF CMakeFiles/cmTC_0953e.dir/cpu_avx.cpp.o.d -o CMakeFiles/cmTC_0953e.dir/cpu_avx.cpp.o -c "/Users/raphaeltolila/PycharmProjects/assistant Video/Assistant_Jarvis/opencv/cmake/checks/cpu_avx.cpp"
/Users/raphaeltolila/PycharmProjects/assistant Video/Assistant_Jarvis/opencv/cmake/checks/cpu_avx.cpp:2:2: error: "__AVX__ define is missing"
#error "__AVX__ define is missing"
 ^
1 error generated.
make[1]: *** [CMakeFiles/cmTC_0953e.dir/cpu_avx.cpp.o] Error 1
make: *** [cmTC_0953e/fast] Error 2


===== END =====

Compilation failed:
    source file: '/Users/raphaeltolila/PycharmProjects/assistant Video/Assistant_Jarvis/opencv/cmake/checks/cpu_avx2.cpp'
    check option: ''
===== BUILD LOG =====
Change Dir: /Users/raphaeltolila/PycharmProjects/assistant Video/Assistant_Jarvis/build_opencv/CMakeFiles/CMakeTmp

Run Build Command(s):/usr/bin/make -f Makefile cmTC_1ed9f/fast && /Library/Developer/CommandLineTools/usr/bin/make  -f CMakeFiles/cmTC_1ed9f.dir/build.make CMakeFiles/cmTC_1ed9f.dir/build
Building CXX object CMakeFiles/cmTC_1ed9f.dir/cpu_avx2.cpp.o
/Library/Developer/CommandLineTools/usr/bin/c++   -O3 -DNDEBUG -isysroot /Library/Developer/CommandLineTools/SDKs/MacOSX12.3.sdk -fPIE -std=c++11 -MD -MT CMakeFiles/cmTC_1ed9f.dir/cpu_avx2.cpp.o -MF CMakeFiles/cmTC_1ed9f.dir/cpu_avx2.cpp.o.d -o CMakeFiles/cmTC_1ed9f.dir/cpu_avx2.cpp.o -c "/Users/raphaeltolila/PycharmProjects/assistant Video/Assistant_Jarvis/opencv/cmake/checks/cpu_avx2.cpp"
/Users/raphaeltolila/PycharmProjects/assistant Video/Assistant_Jarvis/opencv/cmake/checks/cpu_avx2.cpp:2:2: error: "__AVX2__ define is missing"
#error "__AVX2__ define is missing"
 ^
1 error generated.
make[1]: *** [CMakeFiles/cmTC_1ed9f.dir/cpu_avx2.cpp.o] Error 1
make: *** [cmTC_1ed9f/fast] Error 2


===== END =====

Compilation failed:
    source file: '/Users/raphaeltolila/PycharmProjects/assistant Video/Assistant_Jarvis/opencv/cmake/checks/cpu_avx512.cpp'
    check option: ''
===== BUILD LOG =====
Change Dir: /Users/raphaeltolila/PycharmProjects/assistant Video/Assistant_Jarvis/build_opencv/CMakeFiles/CMakeTmp

Run Build Command(s):/usr/bin/make -f Makefile cmTC_d4b9a/fast && /Library/Developer/CommandLineTools/usr/bin/make  -f CMakeFiles/cmTC_d4b9a.dir/build.make CMakeFiles/cmTC_d4b9a.dir/build
Building CXX object CMakeFiles/cmTC_d4b9a.dir/cpu_avx512.cpp.o
/Library/Developer/CommandLineTools/usr/bin/c++   -O3 -DNDEBUG -isysroot /Library/Developer/CommandLineTools/SDKs/MacOSX12.3.sdk -fPIE -std=c++11 -MD -MT CMakeFiles/cmTC_d4b9a.dir/cpu_avx512.cpp.o -MF CMakeFiles/cmTC_d4b9a.dir/cpu_avx512.cpp.o.d -o CMakeFiles/cmTC_d4b9a.dir/cpu_avx512.cpp.o -c "/Users/raphaeltolila/PycharmProjects/assistant Video/Assistant_Jarvis/opencv/cmake/checks/cpu_avx512.cpp"
/Users/raphaeltolila/PycharmProjects/assistant Video/Assistant_Jarvis/opencv/cmake/checks/cpu_avx512.cpp:11:2: error: "AVX512 is not supported"
#error "AVX512 is not supported"
 ^
1 error generated.
make[1]: *** [CMakeFiles/cmTC_d4b9a.dir/cpu_avx512.cpp.o] Error 1
make: *** [cmTC_d4b9a/fast] Error 2


===== END =====

Compilation failed:
    source file: '/Users/raphaeltolila/PycharmProjects/assistant Video/Assistant_Jarvis/opencv/cmake/checks/cpu_avx512common.cpp'
    check option: ''
===== BUILD LOG =====
Change Dir: /Users/raphaeltolila/PycharmProjects/assistant Video/Assistant_Jarvis/build_opencv/CMakeFiles/CMakeTmp

Run Build Command(s):/usr/bin/make -f Makefile cmTC_29222/fast && /Library/Developer/CommandLineTools/usr/bin/make  -f CMakeFiles/cmTC_29222.dir/build.make CMakeFiles/cmTC_29222.dir/build
Building CXX object CMakeFiles/cmTC_29222.dir/cpu_avx512common.cpp.o
/Library/Developer/CommandLineTools/usr/bin/c++   -O3 -DNDEBUG -isysroot /Library/Developer/CommandLineTools/SDKs/MacOSX12.3.sdk -fPIE -std=c++11 -MD -MT CMakeFiles/cmTC_29222.dir/cpu_avx512common.cpp.o -MF CMakeFiles/cmTC_29222.dir/cpu_avx512common.cpp.o.d -o CMakeFiles/cmTC_29222.dir/cpu_avx512common.cpp.o -c "/Users/raphaeltolila/PycharmProjects/assistant Video/Assistant_Jarvis/opencv/cmake/checks/cpu_avx512common.cpp"
/Users/raphaeltolila/PycharmProjects/assistant Video/Assistant_Jarvis/opencv/cmake/checks/cpu_avx512common.cpp:12:2: error: "AVX512-COMMON is not supported"
#error "AVX512-COMMON is not supported"
 ^
1 error generated.
make[1]: *** [CMakeFiles/cmTC_29222.dir/cpu_avx512common.cpp.o] Error 1
make: *** [cmTC_29222/fast] Error 2


===== END =====

Compilation failed:
    source file: '/Users/raphaeltolila/PycharmProjects/assistant Video/Assistant_Jarvis/opencv/cmake/checks/cpu_avx512knl.cpp'
    check option: ''
===== BUILD LOG =====
Change Dir: /Users/raphaeltolila/PycharmProjects/assistant Video/Assistant_Jarvis/build_opencv/CMakeFiles/CMakeTmp

Run Build Command(s):/usr/bin/make -f Makefile cmTC_c142e/fast && /Library/Developer/CommandLineTools/usr/bin/make  -f CMakeFiles/cmTC_c142e.dir/build.make CMakeFiles/cmTC_c142e.dir/build
Building CXX object CMakeFiles/cmTC_c142e.dir/cpu_avx512knl.cpp.o
/Library/Developer/CommandLineTools/usr/bin/c++   -O3 -DNDEBUG -isysroot /Library/Developer/CommandLineTools/SDKs/MacOSX12.3.sdk -fPIE -std=c++11 -MD -MT CMakeFiles/cmTC_c142e.dir/cpu_avx512knl.cpp.o -MF CMakeFiles/cmTC_c142e.dir/cpu_avx512knl.cpp.o.d -o CMakeFiles/cmTC_c142e.dir/cpu_avx512knl.cpp.o -c "/Users/raphaeltolila/PycharmProjects/assistant Video/Assistant_Jarvis/opencv/cmake/checks/cpu_avx512knl.cpp"
/Users/raphaeltolila/PycharmProjects/assistant Video/Assistant_Jarvis/opencv/cmake/checks/cpu_avx512knl.cpp:14:2: error: "AVX512-KNL is not supported"
#error "AVX512-KNL is not supported"
 ^
1 error generated.
make[1]: *** [CMakeFiles/cmTC_c142e.dir/cpu_avx512knl.cpp.o] Error 1
make: *** [cmTC_c142e/fast] Error 2


===== END =====

Compilation failed:
    source file: '/Users/raphaeltolila/PycharmProjects/assistant Video/Assistant_Jarvis/opencv/cmake/checks/cpu_avx512knm.cpp'
    check option: ''
===== BUILD LOG =====
Change Dir: /Users/raphaeltolila/PycharmProjects/assistant Video/Assistant_Jarvis/build_opencv/CMakeFiles/CMakeTmp

Run Build Command(s):/usr/bin/make -f Makefile cmTC_74b0b/fast && /Library/Developer/CommandLineTools/usr/bin/make  -f CMakeFiles/cmTC_74b0b.dir/build.make CMakeFiles/cmTC_74b0b.dir/build
Building CXX object CMakeFiles/cmTC_74b0b.dir/cpu_avx512knm.cpp.o
/Library/Developer/CommandLineTools/usr/bin/c++   -O3 -DNDEBUG -isysroot /Library/Developer/CommandLineTools/SDKs/MacOSX12.3.sdk -fPIE -std=c++11 -MD -MT CMakeFiles/cmTC_74b0b.dir/cpu_avx512knm.cpp.o -MF CMakeFiles/cmTC_74b0b.dir/cpu_avx512knm.cpp.o.d -o CMakeFiles/cmTC_74b0b.dir/cpu_avx512knm.cpp.o -c "/Users/raphaeltolila/PycharmProjects/assistant Video/Assistant_Jarvis/opencv/cmake/checks/cpu_avx512knm.cpp"
/Users/raphaeltolila/PycharmProjects/assistant Video/Assistant_Jarvis/opencv/cmake/checks/cpu_avx512knm.cpp:15:2: error: "AVX512-KNM is not supported"
#error "AVX512-KNM is not supported"
 ^
1 error generated.
make[1]: *** [CMakeFiles/cmTC_74b0b.dir/cpu_avx512knm.cpp.o] Error 1
make: *** [cmTC_74b0b/fast] Error 2


===== END =====

Compilation failed:
    source file: '/Users/raphaeltolila/PycharmProjects/assistant Video/Assistant_Jarvis/opencv/cmake/checks/cpu_avx512knm.cpp'
    check option: ' -mavx512f -mavx512cd -mavx512er -mavx512pf -mavx5124fmaps -mavx5124vnniw -mavx512vpopcntdq'
===== BUILD LOG =====
Change Dir: /Users/raphaeltolila/PycharmProjects/assistant Video/Assistant_Jarvis/build_opencv/CMakeFiles/CMakeTmp

Run Build Command(s):/usr/bin/make -f Makefile cmTC_9501b/fast && /Library/Developer/CommandLineTools/usr/bin/make  -f CMakeFiles/cmTC_9501b.dir/build.make CMakeFiles/cmTC_9501b.dir/build
Building CXX object CMakeFiles/cmTC_9501b.dir/cpu_avx512knm.cpp.o
/Library/Developer/CommandLineTools/usr/bin/c++   -O3 -DNDEBUG -isysroot /Library/Developer/CommandLineTools/SDKs/MacOSX12.3.sdk -fPIE    -mavx512f -mavx512cd -mavx512er -mavx512pf -mavx5124fmaps -mavx5124vnniw -mavx512vpopcntdq -std=c++11 -MD -MT CMakeFiles/cmTC_9501b.dir/cpu_avx512knm.cpp.o -MF CMakeFiles/cmTC_9501b.dir/cpu_avx512knm.cpp.o.d -o CMakeFiles/cmTC_9501b.dir/cpu_avx512knm.cpp.o -c "/Users/raphaeltolila/PycharmProjects/assistant Video/Assistant_Jarvis/opencv/cmake/checks/cpu_avx512knm.cpp"
clang: error: unknown argument: '-mavx5124fmaps'
clang: error: unknown argument: '-mavx5124vnniw'
make[1]: *** [CMakeFiles/cmTC_9501b.dir/cpu_avx512knm.cpp.o] Error 1
make: *** [cmTC_9501b/fast] Error 2


===== END =====

Compilation failed:
    source file: '/Users/raphaeltolila/PycharmProjects/assistant Video/Assistant_Jarvis/opencv/cmake/checks/cpu_avx512skx.cpp'
    check option: ''
===== BUILD LOG =====
Change Dir: /Users/raphaeltolila/PycharmProjects/assistant Video/Assistant_Jarvis/build_opencv/CMakeFiles/CMakeTmp

Run Build Command(s):/usr/bin/make -f Makefile cmTC_5011c/fast && /Library/Developer/CommandLineTools/usr/bin/make  -f CMakeFiles/cmTC_5011c.dir/build.make CMakeFiles/cmTC_5011c.dir/build
Building CXX object CMakeFiles/cmTC_5011c.dir/cpu_avx512skx.cpp.o
/Library/Developer/CommandLineTools/usr/bin/c++   -O3 -DNDEBUG -isysroot /Library/Developer/CommandLineTools/SDKs/MacOSX12.3.sdk -fPIE -std=c++11 -MD -MT CMakeFiles/cmTC_5011c.dir/cpu_avx512skx.cpp.o -MF CMakeFiles/cmTC_5011c.dir/cpu_avx512skx.cpp.o.d -o CMakeFiles/cmTC_5011c.dir/cpu_avx512skx.cpp.o -c "/Users/raphaeltolila/PycharmProjects/assistant Video/Assistant_Jarvis/opencv/cmake/checks/cpu_avx512skx.cpp"
/Users/raphaeltolila/PycharmProjects/assistant Video/Assistant_Jarvis/opencv/cmake/checks/cpu_avx512skx.cpp:30:2: error: "AVX512-SKX is not supported"
#error "AVX512-SKX is not supported"
 ^
1 error generated.
make[1]: *** [CMakeFiles/cmTC_5011c.dir/cpu_avx512skx.cpp.o] Error 1
make: *** [cmTC_5011c/fast] Error 2


===== END =====

Compilation failed:
    source file: '/Users/raphaeltolila/PycharmProjects/assistant Video/Assistant_Jarvis/opencv/cmake/checks/cpu_avx512cnl.cpp'
    check option: ''
===== BUILD LOG =====
Change Dir: /Users/raphaeltolila/PycharmProjects/assistant Video/Assistant_Jarvis/build_opencv/CMakeFiles/CMakeTmp

Run Build Command(s):/usr/bin/make -f Makefile cmTC_6b910/fast && /Library/Developer/CommandLineTools/usr/bin/make  -f CMakeFiles/cmTC_6b910.dir/build.make CMakeFiles/cmTC_6b910.dir/build
Building CXX object CMakeFiles/cmTC_6b910.dir/cpu_avx512cnl.cpp.o
/Library/Developer/CommandLineTools/usr/bin/c++   -O3 -DNDEBUG -isysroot /Library/Developer/CommandLineTools/SDKs/MacOSX12.3.sdk -fPIE -std=c++11 -MD -MT CMakeFiles/cmTC_6b910.dir/cpu_avx512cnl.cpp.o -MF CMakeFiles/cmTC_6b910.dir/cpu_avx512cnl.cpp.o.d -o CMakeFiles/cmTC_6b910.dir/cpu_avx512cnl.cpp.o -c "/Users/raphaeltolila/PycharmProjects/assistant Video/Assistant_Jarvis/opencv/cmake/checks/cpu_avx512cnl.cpp"
/Users/raphaeltolila/PycharmProjects/assistant Video/Assistant_Jarvis/opencv/cmake/checks/cpu_avx512cnl.cpp:10:2: error: "AVX512-CNL is not supported"
#error "AVX512-CNL is not supported"
 ^
1 error generated.
make[1]: *** [CMakeFiles/cmTC_6b910.dir/cpu_avx512cnl.cpp.o] Error 1
make: *** [cmTC_6b910/fast] Error 2


===== END =====

Compilation failed:
    source file: '/Users/raphaeltolila/PycharmProjects/assistant Video/Assistant_Jarvis/opencv/cmake/checks/cpu_avx512clx.cpp'
    check option: ''
===== BUILD LOG =====
Change Dir: /Users/raphaeltolila/PycharmProjects/assistant Video/Assistant_Jarvis/build_opencv/CMakeFiles/CMakeTmp

Run Build Command(s):/usr/bin/make -f Makefile cmTC_4f975/fast && /Library/Developer/CommandLineTools/usr/bin/make  -f CMakeFiles/cmTC_4f975.dir/build.make CMakeFiles/cmTC_4f975.dir/build
Building CXX object CMakeFiles/cmTC_4f975.dir/cpu_avx512clx.cpp.o
/Library/Developer/CommandLineTools/usr/bin/c++   -O3 -DNDEBUG -isysroot /Library/Developer/CommandLineTools/SDKs/MacOSX12.3.sdk -fPIE -std=c++11 -MD -MT CMakeFiles/cmTC_4f975.dir/cpu_avx512clx.cpp.o -MF CMakeFiles/cmTC_4f975.dir/cpu_avx512clx.cpp.o.d -o CMakeFiles/cmTC_4f975.dir/cpu_avx512clx.cpp.o -c "/Users/raphaeltolila/PycharmProjects/assistant Video/Assistant_Jarvis/opencv/cmake/checks/cpu_avx512clx.cpp"
/Users/raphaeltolila/PycharmProjects/assistant Video/Assistant_Jarvis/opencv/cmake/checks/cpu_avx512clx.cpp:9:2: error: "AVX512-CLX is not supported"
#error "AVX512-CLX is not supported"
 ^
1 error generated.
make[1]: *** [CMakeFiles/cmTC_4f975.dir/cpu_avx512clx.cpp.o] Error 1
make: *** [cmTC_4f975/fast] Error 2


===== END =====

Compilation failed:
    source file: '/Users/raphaeltolila/PycharmProjects/assistant Video/Assistant_Jarvis/opencv/cmake/checks/cpu_avx512icl.cpp'
    check option: ''
===== BUILD LOG =====
Change Dir: /Users/raphaeltolila/PycharmProjects/assistant Video/Assistant_Jarvis/build_opencv/CMakeFiles/CMakeTmp

Run Build Command(s):/usr/bin/make -f Makefile cmTC_79f1a/fast && /Library/Developer/CommandLineTools/usr/bin/make  -f CMakeFiles/cmTC_79f1a.dir/build.make CMakeFiles/cmTC_79f1a.dir/build
Building CXX object CMakeFiles/cmTC_79f1a.dir/cpu_avx512icl.cpp.o
/Library/Developer/CommandLineTools/usr/bin/c++   -O3 -DNDEBUG -isysroot /Library/Developer/CommandLineTools/SDKs/MacOSX12.3.sdk -fPIE -std=c++11 -MD -MT CMakeFiles/cmTC_79f1a.dir/cpu_avx512icl.cpp.o -MF CMakeFiles/cmTC_79f1a.dir/cpu_avx512icl.cpp.o.d -o CMakeFiles/cmTC_79f1a.dir/cpu_avx512icl.cpp.o -c "/Users/raphaeltolila/PycharmProjects/assistant Video/Assistant_Jarvis/opencv/cmake/checks/cpu_avx512icl.cpp"
/Users/raphaeltolila/PycharmProjects/assistant Video/Assistant_Jarvis/opencv/cmake/checks/cpu_avx512icl.cpp:12:2: error: "AVX512-ICL is not supported"
#error "AVX512-ICL is not supported"
 ^
1 error generated.
make[1]: *** [CMakeFiles/cmTC_79f1a.dir/cpu_avx512icl.cpp.o] Error 1
make: *** [cmTC_79f1a/fast] Error 2


===== END =====

Compilation failed:
    source file: '/Users/raphaeltolila/PycharmProjects/assistant Video/Assistant_Jarvis/build_opencv/CMakeFiles/CMakeTmp/src.cxx'
    check option: ''
===== BUILD LOG =====
Change Dir: /Users/raphaeltolila/PycharmProjects/assistant Video/Assistant_Jarvis/build_opencv/CMakeFiles/CMakeTmp

Run Build Command(s):/usr/bin/make -f Makefile cmTC_c1042/fast && /Library/Developer/CommandLineTools/usr/bin/make  -f CMakeFiles/cmTC_c1042.dir/build.make CMakeFiles/cmTC_c1042.dir/build
Building CXX object CMakeFiles/cmTC_c1042.dir/src.cxx.o
/Library/Developer/CommandLineTools/usr/bin/c++   -O3 -DNDEBUG -isysroot /Library/Developer/CommandLineTools/SDKs/MacOSX12.3.sdk -fPIE -std=c++11 -MD -MT CMakeFiles/cmTC_c1042.dir/src.cxx.o -MF CMakeFiles/cmTC_c1042.dir/src.cxx.o.d -o CMakeFiles/cmTC_c1042.dir/src.cxx.o -c "/Users/raphaeltolila/PycharmProjects/assistant Video/Assistant_Jarvis/build_opencv/CMakeFiles/CMakeTmp/src.cxx"
Linking CXX executable cmTC_c1042
/usr/local/Cellar/cmake/3.25.1/bin/cmake -E cmake_link_script CMakeFiles/cmTC_c1042.dir/link.txt --verbose=1
/Library/Developer/CommandLineTools/usr/bin/c++ -O3 -DNDEBUG -isysroot /Library/Developer/CommandLineTools/SDKs/MacOSX12.3.sdk -Wl,-search_paths_first -Wl,-headerpad_max_install_names  -Wl,--as-needed  CMakeFiles/cmTC_c1042.dir/src.cxx.o -o cmTC_c1042 
ld: unknown option: --as-needed
clang: error: linker command failed with exit code 1 (use -v to see invocation)
make[1]: *** [cmTC_c1042] Error 1
make: *** [cmTC_c1042/fast] Error 2


===== END =====

Compilation failed:
    source file: '/Users/raphaeltolila/PycharmProjects/assistant Video/Assistant_Jarvis/build_opencv/CMakeFiles/CMakeTmp/src.cxx'
    check option: ''
===== BUILD LOG =====
Change Dir: /Users/raphaeltolila/PycharmProjects/assistant Video/Assistant_Jarvis/build_opencv/CMakeFiles/CMakeTmp

Run Build Command(s):/usr/bin/make -f Makefile cmTC_87e36/fast && /Library/Developer/CommandLineTools/usr/bin/make  -f CMakeFiles/cmTC_87e36.dir/build.make CMakeFiles/cmTC_87e36.dir/build
Building CXX object CMakeFiles/cmTC_87e36.dir/src.cxx.o
/Library/Developer/CommandLineTools/usr/bin/c++   -O3 -DNDEBUG -isysroot /Library/Developer/CommandLineTools/SDKs/MacOSX12.3.sdk -fPIE -std=c++11 -MD -MT CMakeFiles/cmTC_87e36.dir/src.cxx.o -MF CMakeFiles/cmTC_87e36.dir/src.cxx.o.d -o CMakeFiles/cmTC_87e36.dir/src.cxx.o -c "/Users/raphaeltolila/PycharmProjects/assistant Video/Assistant_Jarvis/build_opencv/CMakeFiles/CMakeTmp/src.cxx"
Linking CXX executable cmTC_87e36
/usr/local/Cellar/cmake/3.25.1/bin/cmake -E cmake_link_script CMakeFiles/cmTC_87e36.dir/link.txt --verbose=1
/Library/Developer/CommandLineTools/usr/bin/c++ -O3 -DNDEBUG -isysroot /Library/Developer/CommandLineTools/SDKs/MacOSX12.3.sdk -Wl,-search_paths_first -Wl,-headerpad_max_install_names  -Wl,--no-undefined  CMakeFiles/cmTC_87e36.dir/src.cxx.o -o cmTC_87e36 
ld: unknown option: --no-undefined
clang: error: linker command failed with exit code 1 (use -v to see invocation)
make[1]: *** [cmTC_87e36] Error 1
make: *** [cmTC_87e36/fast] Error 2


===== END =====

Determining if the include file malloc.h exists failed with the following output:
Change Dir: /Users/raphaeltolila/PycharmProjects/assistant Video/Assistant_Jarvis/build_opencv/CMakeFiles/CMakeScratch/TryCompile-o6s8Kh

Run Build Command(s):/usr/bin/make -f Makefile cmTC_67c2b/fast && /Library/Developer/CommandLineTools/usr/bin/make  -f CMakeFiles/cmTC_67c2b.dir/build.make CMakeFiles/cmTC_67c2b.dir/build
Building C object CMakeFiles/cmTC_67c2b.dir/CheckIncludeFile.c.o
/Library/Developer/CommandLineTools/usr/bin/cc   -fsigned-char -W -Wall -Wreturn-type -Wnon-virtual-dtor -Waddress -Wsequence-point -Wformat -Wformat-security -Wmissing-declarations -Wmissing-prototypes -Wstrict-prototypes -Wundef -Winit-self -Wpointer-arith -Wshadow -Wsign-promo -Wuninitialized -Wno-delete-non-virtual-dtor -Wno-unnamed-type-template-args -Wno-comment -fdiagnostics-show-option -Wno-long-long -Qunused-arguments -Wno-semicolon-before-method-body -ffunction-sections -fdata-sections  -fvisibility=hidden -fvisibility-inlines-hidden  -O3 -DNDEBUG  -DNDEBUG -isysroot /Library/Developer/CommandLineTools/SDKs/MacOSX12.3.sdk -fPIE -MD -MT CMakeFiles/cmTC_67c2b.dir/CheckIncludeFile.c.o -MF CMakeFiles/cmTC_67c2b.dir/CheckIncludeFile.c.o.d -o CMakeFiles/cmTC_67c2b.dir/CheckIncludeFile.c.o -c "/Users/raphaeltolila/PycharmProjects/assistant Video/Assistant_Jarvis/build_opencv/CMakeFiles/CMakeScratch/TryCompile-o6s8Kh/CheckIncludeFile.c"
/Users/raphaeltolila/PycharmProjects/assistant Video/Assistant_Jarvis/build_opencv/CMakeFiles/CMakeScratch/TryCompile-o6s8Kh/CheckIncludeFile.c:1:10: fatal error: 'malloc.h' file not found
#include <malloc.h>
         ^~~~~~~~~~
1 error generated.
make[1]: *** [CMakeFiles/cmTC_67c2b.dir/CheckIncludeFile.c.o] Error 1
make: *** [cmTC_67c2b/fast] Error 2



Determining size of off64_t failed with the following output:
Change Dir: /Users/raphaeltolila/PycharmProjects/assistant Video/Assistant_Jarvis/build_opencv/CMakeFiles/CMakeScratch/TryCompile-AtYdfA

Run Build Command(s):/usr/bin/make -f Makefile cmTC_0d2f6/fast && /Library/Developer/CommandLineTools/usr/bin/make  -f CMakeFiles/cmTC_0d2f6.dir/build.make CMakeFiles/cmTC_0d2f6.dir/build
Building C object CMakeFiles/cmTC_0d2f6.dir/OFF64_T.c.o
/Library/Developer/CommandLineTools/usr/bin/cc   -fsigned-char -W -Wall -Wreturn-type -Wnon-virtual-dtor -Waddress -Wsequence-point -Wformat -Wformat-security -Wmissing-declarations -Wmissing-prototypes -Wstrict-prototypes -Wundef -Winit-self -Wpointer-arith -Wshadow -Wsign-promo -Wuninitialized -Wno-delete-non-virtual-dtor -Wno-unnamed-type-template-args -Wno-comment -fdiagnostics-show-option -Wno-long-long -Qunused-arguments -Wno-semicolon-before-method-body -ffunction-sections -fdata-sections  -fvisibility=hidden -fvisibility-inlines-hidden  -O3 -DNDEBUG  -DNDEBUG -isysroot /Library/Developer/CommandLineTools/SDKs/MacOSX12.3.sdk -fPIE -MD -MT CMakeFiles/cmTC_0d2f6.dir/OFF64_T.c.o -MF CMakeFiles/cmTC_0d2f6.dir/OFF64_T.c.o.d -o CMakeFiles/cmTC_0d2f6.dir/OFF64_T.c.o -c "/Users/raphaeltolila/PycharmProjects/assistant Video/Assistant_Jarvis/build_opencv/CMakeFiles/CMakeScratch/TryCompile-AtYdfA/OFF64_T.c"
/Users/raphaeltolila/PycharmProjects/assistant Video/Assistant_Jarvis/build_opencv/CMakeFiles/CMakeScratch/TryCompile-AtYdfA/OFF64_T.c:29:12: error: use of undeclared identifier 'off64_t'
  ('0' + ((SIZE / 10000)%10)),
           ^
/Users/raphaeltolila/PycharmProjects/assistant Video/Assistant_Jarvis/build_opencv/CMakeFiles/CMakeScratch/TryCompile-AtYdfA/OFF64_T.c:27:22: note: expanded from macro 'SIZE'
#define SIZE (sizeof(off64_t))
                     ^
/Users/raphaeltolila/PycharmProjects/assistant Video/Assistant_Jarvis/build_opencv/CMakeFiles/CMakeScratch/TryCompile-AtYdfA/OFF64_T.c:30:12: error: use of undeclared identifier 'off64_t'
  ('0' + ((SIZE / 1000)%10)),
           ^
/Users/raphaeltolila/PycharmProjects/assistant Video/Assistant_Jarvis/build_opencv/CMakeFiles/CMakeScratch/TryCompile-AtYdfA/OFF64_T.c:27:22: note: expanded from macro 'SIZE'
#define SIZE (sizeof(off64_t))
                     ^
/Users/raphaeltolila/PycharmProjects/assistant Video/Assistant_Jarvis/build_opencv/CMakeFiles/CMakeScratch/TryCompile-AtYdfA/OFF64_T.c:31:12: error: use of undeclared identifier 'off64_t'
  ('0' + ((SIZE / 100)%10)),
           ^
/Users/raphaeltolila/PycharmProjects/assistant Video/Assistant_Jarvis/build_opencv/CMakeFiles/CMakeScratch/TryCompile-AtYdfA/OFF64_T.c:27:22: note: expanded from macro 'SIZE'
#define SIZE (sizeof(off64_t))
                     ^
/Users/raphaeltolila/PycharmProjects/assistant Video/Assistant_Jarvis/build_opencv/CMakeFiles/CMakeScratch/TryCompile-AtYdfA/OFF64_T.c:32:12: error: use of undeclared identifier 'off64_t'
  ('0' + ((SIZE / 10)%10)),
           ^
/Users/raphaeltolila/PycharmProjects/assistant Video/Assistant_Jarvis/build_opencv/CMakeFiles/CMakeScratch/TryCompile-AtYdfA/OFF64_T.c:27:22: note: expanded from macro 'SIZE'
#define SIZE (sizeof(off64_t))
                     ^
/Users/raphaeltolila/PycharmProjects/assistant Video/Assistant_Jarvis/build_opencv/CMakeFiles/CMakeScratch/TryCompile-AtYdfA/OFF64_T.c:33:12: error: use of undeclared identifier 'off64_t'
  ('0' +  (SIZE    % 10)),
           ^
/Users/raphaeltolila/PycharmProjects/assistant Video/Assistant_Jarvis/build_opencv/CMakeFiles/CMakeScratch/TryCompile-AtYdfA/OFF64_T.c:27:22: note: expanded from macro 'SIZE'
#define SIZE (sizeof(off64_t))
                     ^
5 errors generated.
make[1]: *** [CMakeFiles/cmTC_0d2f6.dir/OFF64_T.c.o] Error 1
make: *** [cmTC_0d2f6/fast] Error 2


OFF64_T.c:
#include <sys/types.h>
#include <stdint.h>
#include <stddef.h>


#undef KEY
#if defined(__i386)
# define KEY '_','_','i','3','8','6'
#elif defined(__x86_64)
# define KEY '_','_','x','8','6','_','6','4'
#elif defined(__PPC64__)
# define KEY '_','_','P','P','C','6','4','_','_'
#elif defined(__ppc64__)
# define KEY '_','_','p','p','c','6','4','_','_'
#elif defined(__PPC__)
# define KEY '_','_','P','P','C','_','_'
#elif defined(__ppc__)
# define KEY '_','_','p','p','c','_','_'
#elif defined(__aarch64__)
# define KEY '_','_','a','a','r','c','h','6','4','_','_'
#elif defined(__ARM_ARCH_7A__)
# define KEY '_','_','A','R','M','_','A','R','C','H','_','7','A','_','_'
#elif defined(__ARM_ARCH_7S__)
# define KEY '_','_','A','R','M','_','A','R','C','H','_','7','S','_','_'
#endif

#define SIZE (sizeof(off64_t))
static char info_size[] =  {'I', 'N', 'F', 'O', ':', 's','i','z','e','[',
  ('0' + ((SIZE / 10000)%10)),
  ('0' + ((SIZE / 1000)%10)),
  ('0' + ((SIZE / 100)%10)),
  ('0' + ((SIZE / 10)%10)),
  ('0' +  (SIZE    % 10)),
  ']',
#ifdef KEY
  ' ','k','e','y','[', KEY, ']',
#endif
  '\0'};

#ifdef __CLASSIC_C__
int main(argc, argv) int argc; char *argv[];
#else
int main(int argc, char *argv[])
#endif
{
  int require = 0;
  require += info_size[argc];
  (void)argv;
  return require;
}


Looking for a ASM_NASM compiler failed with the following output:
-- The ASM_NASM compiler identification is unknown
-- Didn't find assembler
CMake Error at CMakeLists.txt:2 (project):
  No CMAKE_ASM_NASM_COMPILER could be found.

  Tell CMake where to find the compiler by setting either the environment
  variable "ASM_NASM" or the CMake cache entry CMAKE_ASM_NASM_COMPILER to the
  full path to the compiler, or to the compiler name if it is in the PATH.


-- Configuring incomplete, errors occurred!
See also "/Users/raphaeltolila/PycharmProjects/assistant Video/Assistant_Jarvis/build_opencv/3rdparty/libjpeg-turbo/src/simd/CMakeFiles/CheckASM_NASM/CMakeFiles/CMakeOutput.log".
See also "/Users/raphaeltolila/PycharmProjects/assistant Video/Assistant_Jarvis/build_opencv/3rdparty/libjpeg-turbo/src/simd/CMakeFiles/CheckASM_NASM/CMakeFiles/CMakeError.log".

Determining if the include file io.h exists failed with the following output:
Change Dir: /Users/raphaeltolila/PycharmProjects/assistant Video/Assistant_Jarvis/build_opencv/CMakeFiles/CMakeScratch/TryCompile-74Xy3T

Run Build Command(s):/usr/bin/make -f Makefile cmTC_d19d5/fast && /Library/Developer/CommandLineTools/usr/bin/make  -f CMakeFiles/cmTC_d19d5.dir/build.make CMakeFiles/cmTC_d19d5.dir/build
Building C object CMakeFiles/cmTC_d19d5.dir/CheckIncludeFile.c.o
/Library/Developer/CommandLineTools/usr/bin/cc   -fsigned-char -W -Wall -Wreturn-type -Wnon-virtual-dtor -Waddress -Wsequence-point -Wformat -Wformat-security -Wmissing-declarations -Wmissing-prototypes -Wstrict-prototypes -Wundef -Winit-self -Wpointer-arith -Wshadow -Wsign-promo -Wuninitialized -Wno-delete-non-virtual-dtor -Wno-unnamed-type-template-args -Wno-comment -fdiagnostics-show-option -Wno-long-long -Qunused-arguments -Wno-semicolon-before-method-body -ffunction-sections -fdata-sections  -fvisibility=hidden -fvisibility-inlines-hidden  -O3 -DNDEBUG  -DNDEBUG -isysroot /Library/Developer/CommandLineTools/SDKs/MacOSX12.3.sdk -fPIE -MD -MT CMakeFiles/cmTC_d19d5.dir/CheckIncludeFile.c.o -MF CMakeFiles/cmTC_d19d5.dir/CheckIncludeFile.c.o.d -o CMakeFiles/cmTC_d19d5.dir/CheckIncludeFile.c.o -c "/Users/raphaeltolila/PycharmProjects/assistant Video/Assistant_Jarvis/build_opencv/CMakeFiles/CMakeScratch/TryCompile-74Xy3T/CheckIncludeFile.c"
/Users/raphaeltolila/PycharmProjects/assistant Video/Assistant_Jarvis/build_opencv/CMakeFiles/CMakeScratch/TryCompile-74Xy3T/CheckIncludeFile.c:1:10: fatal error: 'io.h' file not found
#include <io.h>
         ^~~~~~
1 error generated.
make[1]: *** [CMakeFiles/cmTC_d19d5.dir/CheckIncludeFile.c.o] Error 1
make: *** [cmTC_d19d5/fast] Error 2



Determining size of INT8 failed with the following output:
Change Dir: /Users/raphaeltolila/PycharmProjects/assistant Video/Assistant_Jarvis/build_opencv/CMakeFiles/CMakeScratch/TryCompile-FydNLa

Run Build Command(s):/usr/bin/make -f Makefile cmTC_4b2ec/fast && /Library/Developer/CommandLineTools/usr/bin/make  -f CMakeFiles/cmTC_4b2ec.dir/build.make CMakeFiles/cmTC_4b2ec.dir/build
Building C object CMakeFiles/cmTC_4b2ec.dir/int8.c.o
/Library/Developer/CommandLineTools/usr/bin/cc   -fsigned-char -W -Wall -Wreturn-type -Wnon-virtual-dtor -Waddress -Wsequence-point -Wformat -Wformat-security -Wmissing-declarations -Wmissing-prototypes -Wstrict-prototypes -Wundef -Winit-self -Wpointer-arith -Wshadow -Wsign-promo -Wuninitialized -Wno-delete-non-virtual-dtor -Wno-unnamed-type-template-args -Wno-comment -fdiagnostics-show-option -Wno-long-long -Qunused-arguments -Wno-semicolon-before-method-body -ffunction-sections -fdata-sections  -fvisibility=hidden -fvisibility-inlines-hidden  -O3 -DNDEBUG  -DNDEBUG -isysroot /Library/Developer/CommandLineTools/SDKs/MacOSX12.3.sdk -fPIE -MD -MT CMakeFiles/cmTC_4b2ec.dir/int8.c.o -MF CMakeFiles/cmTC_4b2ec.dir/int8.c.o.d -o CMakeFiles/cmTC_4b2ec.dir/int8.c.o -c "/Users/raphaeltolila/PycharmProjects/assistant Video/Assistant_Jarvis/build_opencv/CMakeFiles/CMakeScratch/TryCompile-FydNLa/int8.c"
/Users/raphaeltolila/PycharmProjects/assistant Video/Assistant_Jarvis/build_opencv/CMakeFiles/CMakeScratch/TryCompile-FydNLa/int8.c:29:12: error: use of undeclared identifier 'INT8'
  ('0' + ((SIZE / 10000)%10)),
           ^
/Users/raphaeltolila/PycharmProjects/assistant Video/Assistant_Jarvis/build_opencv/CMakeFiles/CMakeScratch/TryCompile-FydNLa/int8.c:27:22: note: expanded from macro 'SIZE'
#define SIZE (sizeof(INT8))
                     ^
/Users/raphaeltolila/PycharmProjects/assistant Video/Assistant_Jarvis/build_opencv/CMakeFiles/CMakeScratch/TryCompile-FydNLa/int8.c:30:12: error: use of undeclared identifier 'INT8'
  ('0' + ((SIZE / 1000)%10)),
           ^
/Users/raphaeltolila/PycharmProjects/assistant Video/Assistant_Jarvis/build_opencv/CMakeFiles/CMakeScratch/TryCompile-FydNLa/int8.c:27:22: note: expanded from macro 'SIZE'
#define SIZE (sizeof(INT8))
                     ^
/Users/raphaeltolila/PycharmProjects/assistant Video/Assistant_Jarvis/build_opencv/CMakeFiles/CMakeScratch/TryCompile-FydNLa/int8.c:31:12: error: use of undeclared identifier 'INT8'
  ('0' + ((SIZE / 100)%10)),
           ^
/Users/raphaeltolila/PycharmProjects/assistant Video/Assistant_Jarvis/build_opencv/CMakeFiles/CMakeScratch/TryCompile-FydNLa/int8.c:27:22: note: expanded from macro 'SIZE'
#define SIZE (sizeof(INT8))
                     ^
/Users/raphaeltolila/PycharmProjects/assistant Video/Assistant_Jarvis/build_opencv/CMakeFiles/CMakeScratch/TryCompile-FydNLa/int8.c:32:12: error: use of undeclared identifier 'INT8'
  ('0' + ((SIZE / 10)%10)),
           ^
/Users/raphaeltolila/PycharmProjects/assistant Video/Assistant_Jarvis/build_opencv/CMakeFiles/CMakeScratch/TryCompile-FydNLa/int8.c:27:22: note: expanded from macro 'SIZE'
#define SIZE (sizeof(INT8))
                     ^
/Users/raphaeltolila/PycharmProjects/assistant Video/Assistant_Jarvis/build_opencv/CMakeFiles/CMakeScratch/TryCompile-FydNLa/int8.c:33:12: error: use of undeclared identifier 'INT8'
  ('0' +  (SIZE    % 10)),
           ^
/Users/raphaeltolila/PycharmProjects/assistant Video/Assistant_Jarvis/build_opencv/CMakeFiles/CMakeScratch/TryCompile-FydNLa/int8.c:27:22: note: expanded from macro 'SIZE'
#define SIZE (sizeof(INT8))
                     ^
5 errors generated.
make[1]: *** [CMakeFiles/cmTC_4b2ec.dir/int8.c.o] Error 1
make: *** [cmTC_4b2ec/fast] Error 2


int8.c:
#include <sys/types.h>
#include <stdint.h>
#include <stddef.h>


#undef KEY
#if defined(__i386)
# define KEY '_','_','i','3','8','6'
#elif defined(__x86_64)
# define KEY '_','_','x','8','6','_','6','4'
#elif defined(__PPC64__)
# define KEY '_','_','P','P','C','6','4','_','_'
#elif defined(__ppc64__)
# define KEY '_','_','p','p','c','6','4','_','_'
#elif defined(__PPC__)
# define KEY '_','_','P','P','C','_','_'
#elif defined(__ppc__)
# define KEY '_','_','p','p','c','_','_'
#elif defined(__aarch64__)
# define KEY '_','_','a','a','r','c','h','6','4','_','_'
#elif defined(__ARM_ARCH_7A__)
# define KEY '_','_','A','R','M','_','A','R','C','H','_','7','A','_','_'
#elif defined(__ARM_ARCH_7S__)
# define KEY '_','_','A','R','M','_','A','R','C','H','_','7','S','_','_'
#endif

#define SIZE (sizeof(INT8))
static char info_size[] =  {'I', 'N', 'F', 'O', ':', 's','i','z','e','[',
  ('0' + ((SIZE / 10000)%10)),
  ('0' + ((SIZE / 1000)%10)),
  ('0' + ((SIZE / 100)%10)),
  ('0' + ((SIZE / 10)%10)),
  ('0' +  (SIZE    % 10)),
  ']',
#ifdef KEY
  ' ','k','e','y','[', KEY, ']',
#endif
  '\0'};

#ifdef __CLASSIC_C__
int main(argc, argv) int argc; char *argv[];
#else
int main(int argc, char *argv[])
#endif
{
  int require = 0;
  require += info_size[argc];
  (void)argv;
  return require;
}


Determining size of INT16 failed with the following output:
Change Dir: /Users/raphaeltolila/PycharmProjects/assistant Video/Assistant_Jarvis/build_opencv/CMakeFiles/CMakeScratch/TryCompile-O4aY5f

Run Build Command(s):/usr/bin/make -f Makefile cmTC_457ea/fast && /Library/Developer/CommandLineTools/usr/bin/make  -f CMakeFiles/cmTC_457ea.dir/build.make CMakeFiles/cmTC_457ea.dir/build
Building C object CMakeFiles/cmTC_457ea.dir/int16.c.o
/Library/Developer/CommandLineTools/usr/bin/cc   -fsigned-char -W -Wall -Wreturn-type -Wnon-virtual-dtor -Waddress -Wsequence-point -Wformat -Wformat-security -Wmissing-declarations -Wmissing-prototypes -Wstrict-prototypes -Wundef -Winit-self -Wpointer-arith -Wshadow -Wsign-promo -Wuninitialized -Wno-delete-non-virtual-dtor -Wno-unnamed-type-template-args -Wno-comment -fdiagnostics-show-option -Wno-long-long -Qunused-arguments -Wno-semicolon-before-method-body -ffunction-sections -fdata-sections  -fvisibility=hidden -fvisibility-inlines-hidden  -O3 -DNDEBUG  -DNDEBUG -isysroot /Library/Developer/CommandLineTools/SDKs/MacOSX12.3.sdk -fPIE -MD -MT CMakeFiles/cmTC_457ea.dir/int16.c.o -MF CMakeFiles/cmTC_457ea.dir/int16.c.o.d -o CMakeFiles/cmTC_457ea.dir/int16.c.o -c "/Users/raphaeltolila/PycharmProjects/assistant Video/Assistant_Jarvis/build_opencv/CMakeFiles/CMakeScratch/TryCompile-O4aY5f/int16.c"
/Users/raphaeltolila/PycharmProjects/assistant Video/Assistant_Jarvis/build_opencv/CMakeFiles/CMakeScratch/TryCompile-O4aY5f/int16.c:29:12: error: use of undeclared identifier 'INT16'
  ('0' + ((SIZE / 10000)%10)),
           ^
/Users/raphaeltolila/PycharmProjects/assistant Video/Assistant_Jarvis/build_opencv/CMakeFiles/CMakeScratch/TryCompile-O4aY5f/int16.c:27:22: note: expanded from macro 'SIZE'
#define SIZE (sizeof(INT16))
                     ^
/Users/raphaeltolila/PycharmProjects/assistant Video/Assistant_Jarvis/build_opencv/CMakeFiles/CMakeScratch/TryCompile-O4aY5f/int16.c:30:12: error: use of undeclared identifier 'INT16'
  ('0' + ((SIZE / 1000)%10)),
           ^
/Users/raphaeltolila/PycharmProjects/assistant Video/Assistant_Jarvis/build_opencv/CMakeFiles/CMakeScratch/TryCompile-O4aY5f/int16.c:27:22: note: expanded from macro 'SIZE'
#define SIZE (sizeof(INT16))
                     ^
/Users/raphaeltolila/PycharmProjects/assistant Video/Assistant_Jarvis/build_opencv/CMakeFiles/CMakeScratch/TryCompile-O4aY5f/int16.c:31:12: error: use of undeclared identifier 'INT16'
  ('0' + ((SIZE / 100)%10)),
           ^
/Users/raphaeltolila/PycharmProjects/assistant Video/Assistant_Jarvis/build_opencv/CMakeFiles/CMakeScratch/TryCompile-O4aY5f/int16.c:27:22: note: expanded from macro 'SIZE'
#define SIZE (sizeof(INT16))
                     ^
/Users/raphaeltolila/PycharmProjects/assistant Video/Assistant_Jarvis/build_opencv/CMakeFiles/CMakeScratch/TryCompile-O4aY5f/int16.c:32:12: error: use of undeclared identifier 'INT16'
  ('0' + ((SIZE / 10)%10)),
           ^
/Users/raphaeltolila/PycharmProjects/assistant Video/Assistant_Jarvis/build_opencv/CMakeFiles/CMakeScratch/TryCompile-O4aY5f/int16.c:27:22: note: expanded from macro 'SIZE'
#define SIZE (sizeof(INT16))
                     ^
/Users/raphaeltolila/PycharmProjects/assistant Video/Assistant_Jarvis/build_opencv/CMakeFiles/CMakeScratch/TryCompile-O4aY5f/int16.c:33:12: error: use of undeclared identifier 'INT16'
  ('0' +  (SIZE    % 10)),
           ^
/Users/raphaeltolila/PycharmProjects/assistant Video/Assistant_Jarvis/build_opencv/CMakeFiles/CMakeScratch/TryCompile-O4aY5f/int16.c:27:22: note: expanded from macro 'SIZE'
#define SIZE (sizeof(INT16))
                     ^
5 errors generated.
make[1]: *** [CMakeFiles/cmTC_457ea.dir/int16.c.o] Error 1
make: *** [cmTC_457ea/fast] Error 2


int16.c:
#include <sys/types.h>
#include <stdint.h>
#include <stddef.h>


#undef KEY
#if defined(__i386)
# define KEY '_','_','i','3','8','6'
#elif defined(__x86_64)
# define KEY '_','_','x','8','6','_','6','4'
#elif defined(__PPC64__)
# define KEY '_','_','P','P','C','6','4','_','_'
#elif defined(__ppc64__)
# define KEY '_','_','p','p','c','6','4','_','_'
#elif defined(__PPC__)
# define KEY '_','_','P','P','C','_','_'
#elif defined(__ppc__)
# define KEY '_','_','p','p','c','_','_'
#elif defined(__aarch64__)
# define KEY '_','_','a','a','r','c','h','6','4','_','_'
#elif defined(__ARM_ARCH_7A__)
# define KEY '_','_','A','R','M','_','A','R','C','H','_','7','A','_','_'
#elif defined(__ARM_ARCH_7S__)
# define KEY '_','_','A','R','M','_','A','R','C','H','_','7','S','_','_'
#endif

#define SIZE (sizeof(INT16))
static char info_size[] =  {'I', 'N', 'F', 'O', ':', 's','i','z','e','[',
  ('0' + ((SIZE / 10000)%10)),
  ('0' + ((SIZE / 1000)%10)),
  ('0' + ((SIZE / 100)%10)),
  ('0' + ((SIZE / 10)%10)),
  ('0' +  (SIZE    % 10)),
  ']',
#ifdef KEY
  ' ','k','e','y','[', KEY, ']',
#endif
  '\0'};

#ifdef __CLASSIC_C__
int main(argc, argv) int argc; char *argv[];
#else
int main(int argc, char *argv[])
#endif
{
  int require = 0;
  require += info_size[argc];
  (void)argv;
  return require;
}


Determining size of INT32 failed with the following output:
Change Dir: /Users/raphaeltolila/PycharmProjects/assistant Video/Assistant_Jarvis/build_opencv/CMakeFiles/CMakeScratch/TryCompile-6FabcS

Run Build Command(s):/usr/bin/make -f Makefile cmTC_5ea83/fast && /Library/Developer/CommandLineTools/usr/bin/make  -f CMakeFiles/cmTC_5ea83.dir/build.make CMakeFiles/cmTC_5ea83.dir/build
Building C object CMakeFiles/cmTC_5ea83.dir/int32.c.o
/Library/Developer/CommandLineTools/usr/bin/cc   -fsigned-char -W -Wall -Wreturn-type -Wnon-virtual-dtor -Waddress -Wsequence-point -Wformat -Wformat-security -Wmissing-declarations -Wmissing-prototypes -Wstrict-prototypes -Wundef -Winit-self -Wpointer-arith -Wshadow -Wsign-promo -Wuninitialized -Wno-delete-non-virtual-dtor -Wno-unnamed-type-template-args -Wno-comment -fdiagnostics-show-option -Wno-long-long -Qunused-arguments -Wno-semicolon-before-method-body -ffunction-sections -fdata-sections  -fvisibility=hidden -fvisibility-inlines-hidden  -O3 -DNDEBUG  -DNDEBUG -isysroot /Library/Developer/CommandLineTools/SDKs/MacOSX12.3.sdk -fPIE -MD -MT CMakeFiles/cmTC_5ea83.dir/int32.c.o -MF CMakeFiles/cmTC_5ea83.dir/int32.c.o.d -o CMakeFiles/cmTC_5ea83.dir/int32.c.o -c "/Users/raphaeltolila/PycharmProjects/assistant Video/Assistant_Jarvis/build_opencv/CMakeFiles/CMakeScratch/TryCompile-6FabcS/int32.c"
/Users/raphaeltolila/PycharmProjects/assistant Video/Assistant_Jarvis/build_opencv/CMakeFiles/CMakeScratch/TryCompile-6FabcS/int32.c:29:12: error: use of undeclared identifier 'INT32'
  ('0' + ((SIZE / 10000)%10)),
           ^
/Users/raphaeltolila/PycharmProjects/assistant Video/Assistant_Jarvis/build_opencv/CMakeFiles/CMakeScratch/TryCompile-6FabcS/int32.c:27:22: note: expanded from macro 'SIZE'
#define SIZE (sizeof(INT32))
                     ^
/Users/raphaeltolila/PycharmProjects/assistant Video/Assistant_Jarvis/build_opencv/CMakeFiles/CMakeScratch/TryCompile-6FabcS/int32.c:30:12: error: use of undeclared identifier 'INT32'
  ('0' + ((SIZE / 1000)%10)),
           ^
/Users/raphaeltolila/PycharmProjects/assistant Video/Assistant_Jarvis/build_opencv/CMakeFiles/CMakeScratch/TryCompile-6FabcS/int32.c:27:22: note: expanded from macro 'SIZE'
#define SIZE (sizeof(INT32))
                     ^
/Users/raphaeltolila/PycharmProjects/assistant Video/Assistant_Jarvis/build_opencv/CMakeFiles/CMakeScratch/TryCompile-6FabcS/int32.c:31:12: error: use of undeclared identifier 'INT32'
  ('0' + ((SIZE / 100)%10)),
           ^
/Users/raphaeltolila/PycharmProjects/assistant Video/Assistant_Jarvis/build_opencv/CMakeFiles/CMakeScratch/TryCompile-6FabcS/int32.c:27:22: note: expanded from macro 'SIZE'
#define SIZE (sizeof(INT32))
                     ^
/Users/raphaeltolila/PycharmProjects/assistant Video/Assistant_Jarvis/build_opencv/CMakeFiles/CMakeScratch/TryCompile-6FabcS/int32.c:32:12: error: use of undeclared identifier 'INT32'
  ('0' + ((SIZE / 10)%10)),
           ^
/Users/raphaeltolila/PycharmProjects/assistant Video/Assistant_Jarvis/build_opencv/CMakeFiles/CMakeScratch/TryCompile-6FabcS/int32.c:27:22: note: expanded from macro 'SIZE'
#define SIZE (sizeof(INT32))
                     ^
/Users/raphaeltolila/PycharmProjects/assistant Video/Assistant_Jarvis/build_opencv/CMakeFiles/CMakeScratch/TryCompile-6FabcS/int32.c:33:12: error: use of undeclared identifier 'INT32'
  ('0' +  (SIZE    % 10)),
           ^
/Users/raphaeltolila/PycharmProjects/assistant Video/Assistant_Jarvis/build_opencv/CMakeFiles/CMakeScratch/TryCompile-6FabcS/int32.c:27:22: note: expanded from macro 'SIZE'
#define SIZE (sizeof(INT32))
                     ^
5 errors generated.
make[1]: *** [CMakeFiles/cmTC_5ea83.dir/int32.c.o] Error 1
make: *** [cmTC_5ea83/fast] Error 2


int32.c:
#include <sys/types.h>
#include <stdint.h>
#include <stddef.h>


#undef KEY
#if defined(__i386)
# define KEY '_','_','i','3','8','6'
#elif defined(__x86_64)
# define KEY '_','_','x','8','6','_','6','4'
#elif defined(__PPC64__)
# define KEY '_','_','P','P','C','6','4','_','_'
#elif defined(__ppc64__)
# define KEY '_','_','p','p','c','6','4','_','_'
#elif defined(__PPC__)
# define KEY '_','_','P','P','C','_','_'
#elif defined(__ppc__)
# define KEY '_','_','p','p','c','_','_'
#elif defined(__aarch64__)
# define KEY '_','_','a','a','r','c','h','6','4','_','_'
#elif defined(__ARM_ARCH_7A__)
# define KEY '_','_','A','R','M','_','A','R','C','H','_','7','A','_','_'
#elif defined(__ARM_ARCH_7S__)
# define KEY '_','_','A','R','M','_','A','R','C','H','_','7','S','_','_'
#endif

#define SIZE (sizeof(INT32))
static char info_size[] =  {'I', 'N', 'F', 'O', ':', 's','i','z','e','[',
  ('0' + ((SIZE / 10000)%10)),
  ('0' + ((SIZE / 1000)%10)),
  ('0' + ((SIZE / 100)%10)),
  ('0' + ((SIZE / 10)%10)),
  ('0' +  (SIZE    % 10)),
  ']',
#ifdef KEY
  ' ','k','e','y','[', KEY, ']',
#endif
  '\0'};

#ifdef __CLASSIC_C__
int main(argc, argv) int argc; char *argv[];
#else
int main(int argc, char *argv[])
#endif
{
  int require = 0;
  require += info_size[argc];
  (void)argv;
  return require;
}


Build output check failed:
    Regex: 'unknown .*option'
    Output line: 'warning: unknown warning option '-Wno-maybe-uninitialized', did you mean '-Wno-uninitialized'? [-Wunknown-warning-option]'
Compilation failed:
    source file: '/Users/raphaeltolila/PycharmProjects/assistant Video/Assistant_Jarvis/build_opencv/CMakeFiles/CMakeTmp/src.c'
    check option: ' -Wno-maybe-uninitialized'
===== BUILD LOG =====
Change Dir: /Users/raphaeltolila/PycharmProjects/assistant Video/Assistant_Jarvis/build_opencv/CMakeFiles/CMakeTmp

Run Build Command(s):/usr/bin/make -f Makefile cmTC_03f2a/fast && /Library/Developer/CommandLineTools/usr/bin/make  -f CMakeFiles/cmTC_03f2a.dir/build.make CMakeFiles/cmTC_03f2a.dir/build
Building C object CMakeFiles/cmTC_03f2a.dir/src.c.o
/Library/Developer/CommandLineTools/usr/bin/cc   -fsigned-char -W -Wall -Wreturn-type -Wnon-virtual-dtor -Waddress -Wsequence-point -Wformat -Wformat-security -Wstrict-prototypes -Winit-self -Wpointer-arith -Wsign-promo -Wuninitialized -Wno-delete-non-virtual-dtor -Wno-unnamed-type-template-args -Wno-comment -fdiagnostics-show-option -Wno-long-long -Qunused-arguments -Wno-semicolon-before-method-body -ffunction-sections -fdata-sections  -fvisibility=hidden -fvisibility-inlines-hidden -Wno-unused-but-set-variable -Wno-missing-prototypes -Wno-missing-declarations -Wno-undef -Wno-unused -Wno-sign-compare -Wno-cast-align -Wno-shadow  -O3 -DNDEBUG  -DNDEBUG -isysroot /Library/Developer/CommandLineTools/SDKs/MacOSX12.3.sdk -fPIE    -Wno-maybe-uninitialized -MD -MT CMakeFiles/cmTC_03f2a.dir/src.c.o -MF CMakeFiles/cmTC_03f2a.dir/src.c.o.d -o CMakeFiles/cmTC_03f2a.dir/src.c.o -c "/Users/raphaeltolila/PycharmProjects/assistant Video/Assistant_Jarvis/build_opencv/CMakeFiles/CMakeTmp/src.c"
warning: unknown warning option '-Wno-maybe-uninitialized'; did you mean '-Wno-uninitialized'? [-Wunknown-warning-option]
/Users/raphaeltolila/PycharmProjects/assistant Video/Assistant_Jarvis/build_opencv/CMakeFiles/CMakeTmp/src.c:1:8: warning: unknown pragma ignored [-Wunknown-pragmas]
#pragma
       ^
2 warnings generated.
Linking C executable cmTC_03f2a
/usr/local/Cellar/cmake/3.25.1/bin/cmake -E cmake_link_script CMakeFiles/cmTC_03f2a.dir/link.txt --verbose=1
/Library/Developer/CommandLineTools/usr/bin/cc    -fsigned-char -W -Wall -Wreturn-type -Wnon-virtual-dtor -Waddress -Wsequence-point -Wformat -Wformat-security -Wstrict-prototypes -Winit-self -Wpointer-arith -Wsign-promo -Wuninitialized -Wno-delete-non-virtual-dtor -Wno-unnamed-type-template-args -Wno-comment -fdiagnostics-show-option -Wno-long-long -Qunused-arguments -Wno-semicolon-before-method-body -ffunction-sections -fdata-sections  -fvisibility=hidden -fvisibility-inlines-hidden -Wno-unused-but-set-variable -Wno-missing-prototypes -Wno-missing-declarations -Wno-undef -Wno-unused -Wno-sign-compare -Wno-cast-align -Wno-shadow  -O3 -DNDEBUG  -DNDEBUG -isysroot /Library/Developer/CommandLineTools/SDKs/MacOSX12.3.sdk -Wl,-search_paths_first -Wl,-headerpad_max_install_names   -Wl,-dead_strip  CMakeFiles/cmTC_03f2a.dir/src.c.o -o cmTC_03f2a 


===== END =====

Build output check failed:
    Regex: 'unknown .*option'
    Output line: 'warning: unknown warning option '-Wno-array-parameter', did you mean '-Wno-unused-parameter'? [-Wunknown-warning-option]'
Compilation failed:
    source file: '/Users/raphaeltolila/PycharmProjects/assistant Video/Assistant_Jarvis/build_opencv/CMakeFiles/CMakeTmp/src.c'
    check option: ' -Wno-array-parameter'
===== BUILD LOG =====
Change Dir: /Users/raphaeltolila/PycharmProjects/assistant Video/Assistant_Jarvis/build_opencv/CMakeFiles/CMakeTmp

Run Build Command(s):/usr/bin/make -f Makefile cmTC_1c82b/fast && /Library/Developer/CommandLineTools/usr/bin/make  -f CMakeFiles/cmTC_1c82b.dir/build.make CMakeFiles/cmTC_1c82b.dir/build
Building C object CMakeFiles/cmTC_1c82b.dir/src.c.o
/Library/Developer/CommandLineTools/usr/bin/cc   -fsigned-char -W -Wall -Wreturn-type -Wnon-virtual-dtor -Waddress -Wsequence-point -Wformat -Wformat-security -Wstrict-prototypes -Winit-self -Wpointer-arith -Wsign-promo -Wuninitialized -Wno-delete-non-virtual-dtor -Wno-unnamed-type-template-args -Wno-comment -fdiagnostics-show-option -Wno-long-long -Qunused-arguments -Wno-semicolon-before-method-body -ffunction-sections -fdata-sections  -fvisibility=hidden -fvisibility-inlines-hidden -Wno-unused-but-set-variable -Wno-missing-prototypes -Wno-missing-declarations -Wno-undef -Wno-unused -Wno-sign-compare -Wno-cast-align -Wno-shadow -Wno-pointer-to-int-cast -Wno-int-to-pointer-cast -Wno-misleading-indentation -Wno-implicit-fallthrough -Wno-unused-parameter  -O3 -DNDEBUG  -DNDEBUG -isysroot /Library/Developer/CommandLineTools/SDKs/MacOSX12.3.sdk -fPIE    -Wno-array-parameter -MD -MT CMakeFiles/cmTC_1c82b.dir/src.c.o -MF CMakeFiles/cmTC_1c82b.dir/src.c.o.d -o CMakeFiles/cmTC_1c82b.dir/src.c.o -c "/Users/raphaeltolila/PycharmProjects/assistant Video/Assistant_Jarvis/build_opencv/CMakeFiles/CMakeTmp/src.c"
warning: unknown warning option '-Wno-array-parameter'; did you mean '-Wno-unused-parameter'? [-Wunknown-warning-option]
/Users/raphaeltolila/PycharmProjects/assistant Video/Assistant_Jarvis/build_opencv/CMakeFiles/CMakeTmp/src.c:1:8: warning: unknown pragma ignored [-Wunknown-pragmas]
#pragma
       ^
2 warnings generated.
Linking C executable cmTC_1c82b
/usr/local/Cellar/cmake/3.25.1/bin/cmake -E cmake_link_script CMakeFiles/cmTC_1c82b.dir/link.txt --verbose=1
/Library/Developer/CommandLineTools/usr/bin/cc    -fsigned-char -W -Wall -Wreturn-type -Wnon-virtual-dtor -Waddress -Wsequence-point -Wformat -Wformat-security -Wstrict-prototypes -Winit-self -Wpointer-arith -Wsign-promo -Wuninitialized -Wno-delete-non-virtual-dtor -Wno-unnamed-type-template-args -Wno-comment -fdiagnostics-show-option -Wno-long-long -Qunused-arguments -Wno-semicolon-before-method-body -ffunction-sections -fdata-sections  -fvisibility=hidden -fvisibility-inlines-hidden -Wno-unused-but-set-variable -Wno-missing-prototypes -Wno-missing-declarations -Wno-undef -Wno-unused -Wno-sign-compare -Wno-cast-align -Wno-shadow -Wno-pointer-to-int-cast -Wno-int-to-pointer-cast -Wno-misleading-indentation -Wno-implicit-fallthrough -Wno-unused-parameter  -O3 -DNDEBUG  -DNDEBUG -isysroot /Library/Developer/CommandLineTools/SDKs/MacOSX12.3.sdk -Wl,-search_paths_first -Wl,-headerpad_max_install_names   -Wl,-dead_strip  CMakeFiles/cmTC_1c82b.dir/src.c.o -o cmTC_1c82b 


===== END =====

Determining if files malloc.h exist failed with the following output:
Change Dir: /Users/raphaeltolila/PycharmProjects/assistant Video/Assistant_Jarvis/build_opencv/CMakeFiles/CMakeScratch/TryCompile-bHC9mZ

Run Build Command(s):/usr/bin/make -f Makefile cmTC_db0b2/fast && /Library/Developer/CommandLineTools/usr/bin/make  -f CMakeFiles/cmTC_db0b2.dir/build.make CMakeFiles/cmTC_db0b2.dir/build
Building C object CMakeFiles/cmTC_db0b2.dir/OPJ_HAVE_MALLOC_H.c.o
/Library/Developer/CommandLineTools/usr/bin/cc   -fsigned-char -W -Wall -Wreturn-type -Wnon-virtual-dtor -Waddress -Wsequence-point -Wformat -Wformat-security -Wmissing-declarations -Wmissing-prototypes -Wstrict-prototypes -Wundef -Winit-self -Wpointer-arith -Wshadow -Wsign-promo -Wuninitialized -Wno-delete-non-virtual-dtor -Wno-unnamed-type-template-args -Wno-comment -fdiagnostics-show-option -Wno-long-long -Qunused-arguments -Wno-semicolon-before-method-body -ffunction-sections -fdata-sections  -fvisibility=hidden -fvisibility-inlines-hidden -Wno-implicit-const-int-float-conversion -Wno-unused-but-set-variable  -O3 -DNDEBUG  -DNDEBUG -isysroot /Library/Developer/CommandLineTools/SDKs/MacOSX12.3.sdk -fPIE -MD -MT CMakeFiles/cmTC_db0b2.dir/OPJ_HAVE_MALLOC_H.c.o -MF CMakeFiles/cmTC_db0b2.dir/OPJ_HAVE_MALLOC_H.c.o.d -o CMakeFiles/cmTC_db0b2.dir/OPJ_HAVE_MALLOC_H.c.o -c "/Users/raphaeltolila/PycharmProjects/assistant Video/Assistant_Jarvis/build_opencv/CMakeFiles/CMakeScratch/TryCompile-bHC9mZ/OPJ_HAVE_MALLOC_H.c"
/Users/raphaeltolila/PycharmProjects/assistant Video/Assistant_Jarvis/build_opencv/CMakeFiles/CMakeScratch/TryCompile-bHC9mZ/OPJ_HAVE_MALLOC_H.c:2:10: fatal error: 'malloc.h' file not found
#include <malloc.h>
         ^~~~~~~~~~
1 error generated.
make[1]: *** [CMakeFiles/cmTC_db0b2.dir/OPJ_HAVE_MALLOC_H.c.o] Error 1
make: *** [cmTC_db0b2/fast] Error 2


Source:
/* */
#include <malloc.h>


int main(void){return 0;}

Determining if the _aligned_malloc exist failed with the following output:
Change Dir: /Users/raphaeltolila/PycharmProjects/assistant Video/Assistant_Jarvis/build_opencv/CMakeFiles/CMakeScratch/TryCompile-wKNZgI

Run Build Command(s):/usr/bin/make -f Makefile cmTC_17326/fast && /Library/Developer/CommandLineTools/usr/bin/make  -f CMakeFiles/cmTC_17326.dir/build.make CMakeFiles/cmTC_17326.dir/build
Building C object CMakeFiles/cmTC_17326.dir/CheckSymbolExists.c.o
/Library/Developer/CommandLineTools/usr/bin/cc   -fsigned-char -W -Wall -Wreturn-type -Wnon-virtual-dtor -Waddress -Wsequence-point -Wformat -Wformat-security -Wmissing-declarations -Wmissing-prototypes -Wstrict-prototypes -Wundef -Winit-self -Wpointer-arith -Wshadow -Wsign-promo -Wuninitialized -Wno-delete-non-virtual-dtor -Wno-unnamed-type-template-args -Wno-comment -fdiagnostics-show-option -Wno-long-long -Qunused-arguments -Wno-semicolon-before-method-body -ffunction-sections -fdata-sections  -fvisibility=hidden -fvisibility-inlines-hidden -Wno-implicit-const-int-float-conversion -Wno-unused-but-set-variable  -O3 -DNDEBUG  -DNDEBUG -isysroot /Library/Developer/CommandLineTools/SDKs/MacOSX12.3.sdk -fPIE -MD -MT CMakeFiles/cmTC_17326.dir/CheckSymbolExists.c.o -MF CMakeFiles/cmTC_17326.dir/CheckSymbolExists.c.o.d -o CMakeFiles/cmTC_17326.dir/CheckSymbolExists.c.o -c "/Users/raphaeltolila/PycharmProjects/assistant Video/Assistant_Jarvis/build_opencv/CMakeFiles/CMakeScratch/TryCompile-wKNZgI/CheckSymbolExists.c"
/Users/raphaeltolila/PycharmProjects/assistant Video/Assistant_Jarvis/build_opencv/CMakeFiles/CMakeScratch/TryCompile-wKNZgI/CheckSymbolExists.c:2:10: fatal error: 'malloc.h' file not found
#include <malloc.h>
         ^~~~~~~~~~
1 error generated.
make[1]: *** [CMakeFiles/cmTC_17326.dir/CheckSymbolExists.c.o] Error 1
make: *** [cmTC_17326/fast] Error 2


File CheckSymbolExists.c:
/* */
#include <malloc.h>

int main(int argc, char** argv)
{
  (void)argv;
#ifndef _aligned_malloc
  return ((int*)(&_aligned_malloc))[argc];
#else
  (void)argc;
  return 0;
#endif
}
Determining if the memalign exist failed with the following output:
Change Dir: /Users/raphaeltolila/PycharmProjects/assistant Video/Assistant_Jarvis/build_opencv/CMakeFiles/CMakeScratch/TryCompile-FY43sU

Run Build Command(s):/usr/bin/make -f Makefile cmTC_d1b71/fast && /Library/Developer/CommandLineTools/usr/bin/make  -f CMakeFiles/cmTC_d1b71.dir/build.make CMakeFiles/cmTC_d1b71.dir/build
Building C object CMakeFiles/cmTC_d1b71.dir/CheckSymbolExists.c.o
/Library/Developer/CommandLineTools/usr/bin/cc   -fsigned-char -W -Wall -Wreturn-type -Wnon-virtual-dtor -Waddress -Wsequence-point -Wformat -Wformat-security -Wmissing-declarations -Wmissing-prototypes -Wstrict-prototypes -Wundef -Winit-self -Wpointer-arith -Wshadow -Wsign-promo -Wuninitialized -Wno-delete-non-virtual-dtor -Wno-unnamed-type-template-args -Wno-comment -fdiagnostics-show-option -Wno-long-long -Qunused-arguments -Wno-semicolon-before-method-body -ffunction-sections -fdata-sections  -fvisibility=hidden -fvisibility-inlines-hidden -Wno-implicit-const-int-float-conversion -Wno-unused-but-set-variable  -O3 -DNDEBUG  -DNDEBUG -isysroot /Library/Developer/CommandLineTools/SDKs/MacOSX12.3.sdk -fPIE -MD -MT CMakeFiles/cmTC_d1b71.dir/CheckSymbolExists.c.o -MF CMakeFiles/cmTC_d1b71.dir/CheckSymbolExists.c.o.d -o CMakeFiles/cmTC_d1b71.dir/CheckSymbolExists.c.o -c "/Users/raphaeltolila/PycharmProjects/assistant Video/Assistant_Jarvis/build_opencv/CMakeFiles/CMakeScratch/TryCompile-FY43sU/CheckSymbolExists.c"
/Users/raphaeltolila/PycharmProjects/assistant Video/Assistant_Jarvis/build_opencv/CMakeFiles/CMakeScratch/TryCompile-FY43sU/CheckSymbolExists.c:2:10: fatal error: 'malloc.h' file not found
#include <malloc.h>
         ^~~~~~~~~~
1 error generated.
make[1]: *** [CMakeFiles/cmTC_d1b71.dir/CheckSymbolExists.c.o] Error 1
make: *** [cmTC_d1b71/fast] Error 2


File CheckSymbolExists.c:
/* */
#include <malloc.h>

int main(int argc, char** argv)
{
  (void)argv;
#ifndef memalign
  return ((int*)(&memalign))[argc];
#else
  (void)argc;
  return 0;
#endif
}
Determining if the function sgemm_ exists failed with the following output:
Change Dir: /Users/raphaeltolila/PycharmProjects/assistant Video/Assistant_Jarvis/build_opencv/CMakeFiles/CMakeScratch/TryCompile-dDYnCV

Run Build Command(s):/usr/bin/make -f Makefile cmTC_46e01/fast && /Library/Developer/CommandLineTools/usr/bin/make  -f CMakeFiles/cmTC_46e01.dir/build.make CMakeFiles/cmTC_46e01.dir/build
Building C object CMakeFiles/cmTC_46e01.dir/CheckFunctionExists.c.o
/Library/Developer/CommandLineTools/usr/bin/cc   -fsigned-char -W -Wall -Wreturn-type -Wnon-virtual-dtor -Waddress -Wsequence-point -Wformat -Wformat-security -Wmissing-declarations -Wmissing-prototypes -Wstrict-prototypes -Wundef -Winit-self -Wpointer-arith -Wshadow -Wsign-promo -Wuninitialized -Wno-delete-non-virtual-dtor -Wno-unnamed-type-template-args -Wno-comment -fdiagnostics-show-option -Wno-long-long -Qunused-arguments -Wno-semicolon-before-method-body -ffunction-sections -fdata-sections  -fvisibility=hidden -fvisibility-inlines-hidden -DCHECK_FUNCTION_EXISTS=sgemm_ -O3 -DNDEBUG  -DNDEBUG -isysroot /Library/Developer/CommandLineTools/SDKs/MacOSX12.3.sdk -fPIE -MD -MT CMakeFiles/cmTC_46e01.dir/CheckFunctionExists.c.o -MF CMakeFiles/cmTC_46e01.dir/CheckFunctionExists.c.o.d -o CMakeFiles/cmTC_46e01.dir/CheckFunctionExists.c.o -c "/Users/raphaeltolila/PycharmProjects/assistant Video/Assistant_Jarvis/build_opencv/CMakeFiles/CMakeScratch/TryCompile-dDYnCV/CheckFunctionExists.c"
Linking C executable cmTC_46e01
/usr/local/Cellar/cmake/3.25.1/bin/cmake -E cmake_link_script CMakeFiles/cmTC_46e01.dir/link.txt --verbose=1
/Library/Developer/CommandLineTools/usr/bin/cc    -fsigned-char -W -Wall -Wreturn-type -Wnon-virtual-dtor -Waddress -Wsequence-point -Wformat -Wformat-security -Wmissing-declarations -Wmissing-prototypes -Wstrict-prototypes -Wundef -Winit-self -Wpointer-arith -Wshadow -Wsign-promo -Wuninitialized -Wno-delete-non-virtual-dtor -Wno-unnamed-type-template-args -Wno-comment -fdiagnostics-show-option -Wno-long-long -Qunused-arguments -Wno-semicolon-before-method-body -ffunction-sections -fdata-sections  -fvisibility=hidden -fvisibility-inlines-hidden -DCHECK_FUNCTION_EXISTS=sgemm_ -O3 -DNDEBUG  -DNDEBUG -isysroot /Library/Developer/CommandLineTools/SDKs/MacOSX12.3.sdk -Wl,-search_paths_first -Wl,-headerpad_max_install_names   -Wl,-dead_strip  CMakeFiles/cmTC_46e01.dir/CheckFunctionExists.c.o -o cmTC_46e01 
Undefined symbols for architecture x86_64:
  "_sgemm_", referenced from:
      _main in CheckFunctionExists.c.o
ld: symbol(s) not found for architecture x86_64
clang: error: linker command failed with exit code 1 (use -v to see invocation)
make[1]: *** [cmTC_46e01] Error 1
make: *** [cmTC_46e01/fast] Error 2



Determining if the CL_VERSION_3_0 exist failed with the following output:
Change Dir: /Users/raphaeltolila/PycharmProjects/assistant Video/Assistant_Jarvis/build_opencv/CMakeFiles/CMakeScratch/TryCompile-sZXdXb

Run Build Command(s):/usr/bin/make -f Makefile cmTC_41523/fast && /Library/Developer/CommandLineTools/usr/bin/make  -f CMakeFiles/cmTC_41523.dir/build.make CMakeFiles/cmTC_41523.dir/build
Building C object CMakeFiles/cmTC_41523.dir/CheckSymbolExists.c.o
/Library/Developer/CommandLineTools/usr/bin/cc  -F/Library/Developer/CommandLineTools/SDKs/MacOSX12.3.sdk/System/Library/Frameworks -fsigned-char -W -Wall -Wreturn-type -Wnon-virtual-dtor -Waddress -Wsequence-point -Wformat -Wformat-security -Wmissing-declarations -Wmissing-prototypes -Wstrict-prototypes -Wundef -Winit-self -Wpointer-arith -Wshadow -Wsign-promo -Wuninitialized -Wno-delete-non-virtual-dtor -Wno-unnamed-type-template-args -Wno-comment -fdiagnostics-show-option -Wno-long-long -Qunused-arguments -Wno-semicolon-before-method-body -ffunction-sections -fdata-sections  -fvisibility=hidden -fvisibility-inlines-hidden  -O3 -DNDEBUG  -DNDEBUG -isysroot /Library/Developer/CommandLineTools/SDKs/MacOSX12.3.sdk -fPIE -MD -MT CMakeFiles/cmTC_41523.dir/CheckSymbolExists.c.o -MF CMakeFiles/cmTC_41523.dir/CheckSymbolExists.c.o.d -o CMakeFiles/cmTC_41523.dir/CheckSymbolExists.c.o -c "/Users/raphaeltolila/PycharmProjects/assistant Video/Assistant_Jarvis/build_opencv/CMakeFiles/CMakeScratch/TryCompile-sZXdXb/CheckSymbolExists.c"
/Users/raphaeltolila/PycharmProjects/assistant Video/Assistant_Jarvis/build_opencv/CMakeFiles/CMakeScratch/TryCompile-sZXdXb/CheckSymbolExists.c:8:19: error: use of undeclared identifier 'CL_VERSION_3_0'
  return ((int*)(&CL_VERSION_3_0))[argc];
                  ^
1 error generated.
make[1]: *** [CMakeFiles/cmTC_41523.dir/CheckSymbolExists.c.o] Error 1
make: *** [cmTC_41523/fast] Error 2


File CheckSymbolExists.c:
/* */
#include </Library/Developer/CommandLineTools/SDKs/MacOSX12.3.sdk/System/Library/Frameworks/OpenCL.framework/Headers/cl.h>

int main(int argc, char** argv)
{
  (void)argv;
#ifndef CL_VERSION_3_0
  return ((int*)(&CL_VERSION_3_0))[argc];
#else
  (void)argc;
  return 0;
#endif
}
Determining if the CL_VERSION_2_2 exist failed with the following output:
Change Dir: /Users/raphaeltolila/PycharmProjects/assistant Video/Assistant_Jarvis/build_opencv/CMakeFiles/CMakeScratch/TryCompile-0BCdfI

Run Build Command(s):/usr/bin/make -f Makefile cmTC_dbacb/fast && /Library/Developer/CommandLineTools/usr/bin/make  -f CMakeFiles/cmTC_dbacb.dir/build.make CMakeFiles/cmTC_dbacb.dir/build
Building C object CMakeFiles/cmTC_dbacb.dir/CheckSymbolExists.c.o
/Library/Developer/CommandLineTools/usr/bin/cc  -F/Library/Developer/CommandLineTools/SDKs/MacOSX12.3.sdk/System/Library/Frameworks -fsigned-char -W -Wall -Wreturn-type -Wnon-virtual-dtor -Waddress -Wsequence-point -Wformat -Wformat-security -Wmissing-declarations -Wmissing-prototypes -Wstrict-prototypes -Wundef -Winit-self -Wpointer-arith -Wshadow -Wsign-promo -Wuninitialized -Wno-delete-non-virtual-dtor -Wno-unnamed-type-template-args -Wno-comment -fdiagnostics-show-option -Wno-long-long -Qunused-arguments -Wno-semicolon-before-method-body -ffunction-sections -fdata-sections  -fvisibility=hidden -fvisibility-inlines-hidden  -O3 -DNDEBUG  -DNDEBUG -isysroot /Library/Developer/CommandLineTools/SDKs/MacOSX12.3.sdk -fPIE -MD -MT CMakeFiles/cmTC_dbacb.dir/CheckSymbolExists.c.o -MF CMakeFiles/cmTC_dbacb.dir/CheckSymbolExists.c.o.d -o CMakeFiles/cmTC_dbacb.dir/CheckSymbolExists.c.o -c "/Users/raphaeltolila/PycharmProjects/assistant Video/Assistant_Jarvis/build_opencv/CMakeFiles/CMakeScratch/TryCompile-0BCdfI/CheckSymbolExists.c"
/Users/raphaeltolila/PycharmProjects/assistant Video/Assistant_Jarvis/build_opencv/CMakeFiles/CMakeScratch/TryCompile-0BCdfI/CheckSymbolExists.c:8:19: error: use of undeclared identifier 'CL_VERSION_2_2'
  return ((int*)(&CL_VERSION_2_2))[argc];
                  ^
1 error generated.
make[1]: *** [CMakeFiles/cmTC_dbacb.dir/CheckSymbolExists.c.o] Error 1
make: *** [cmTC_dbacb/fast] Error 2


File CheckSymbolExists.c:
/* */
#include </Library/Developer/CommandLineTools/SDKs/MacOSX12.3.sdk/System/Library/Frameworks/OpenCL.framework/Headers/cl.h>

int main(int argc, char** argv)
{
  (void)argv;
#ifndef CL_VERSION_2_2
  return ((int*)(&CL_VERSION_2_2))[argc];
#else
  (void)argc;
  return 0;
#endif
}
Determining if the CL_VERSION_2_1 exist failed with the following output:
Change Dir: /Users/raphaeltolila/PycharmProjects/assistant Video/Assistant_Jarvis/build_opencv/CMakeFiles/CMakeScratch/TryCompile-FLA5mb

Run Build Command(s):/usr/bin/make -f Makefile cmTC_5e933/fast && /Library/Developer/CommandLineTools/usr/bin/make  -f CMakeFiles/cmTC_5e933.dir/build.make CMakeFiles/cmTC_5e933.dir/build
Building C object CMakeFiles/cmTC_5e933.dir/CheckSymbolExists.c.o
/Library/Developer/CommandLineTools/usr/bin/cc  -F/Library/Developer/CommandLineTools/SDKs/MacOSX12.3.sdk/System/Library/Frameworks -fsigned-char -W -Wall -Wreturn-type -Wnon-virtual-dtor -Waddress -Wsequence-point -Wformat -Wformat-security -Wmissing-declarations -Wmissing-prototypes -Wstrict-prototypes -Wundef -Winit-self -Wpointer-arith -Wshadow -Wsign-promo -Wuninitialized -Wno-delete-non-virtual-dtor -Wno-unnamed-type-template-args -Wno-comment -fdiagnostics-show-option -Wno-long-long -Qunused-arguments -Wno-semicolon-before-method-body -ffunction-sections -fdata-sections  -fvisibility=hidden -fvisibility-inlines-hidden  -O3 -DNDEBUG  -DNDEBUG -isysroot /Library/Developer/CommandLineTools/SDKs/MacOSX12.3.sdk -fPIE -MD -MT CMakeFiles/cmTC_5e933.dir/CheckSymbolExists.c.o -MF CMakeFiles/cmTC_5e933.dir/CheckSymbolExists.c.o.d -o CMakeFiles/cmTC_5e933.dir/CheckSymbolExists.c.o -c "/Users/raphaeltolila/PycharmProjects/assistant Video/Assistant_Jarvis/build_opencv/CMakeFiles/CMakeScratch/TryCompile-FLA5mb/CheckSymbolExists.c"
/Users/raphaeltolila/PycharmProjects/assistant Video/Assistant_Jarvis/build_opencv/CMakeFiles/CMakeScratch/TryCompile-FLA5mb/CheckSymbolExists.c:8:19: error: use of undeclared identifier 'CL_VERSION_2_1'
  return ((int*)(&CL_VERSION_2_1))[argc];
                  ^
1 error generated.
make[1]: *** [CMakeFiles/cmTC_5e933.dir/CheckSymbolExists.c.o] Error 1
make: *** [cmTC_5e933/fast] Error 2


File CheckSymbolExists.c:
/* */
#include </Library/Developer/CommandLineTools/SDKs/MacOSX12.3.sdk/System/Library/Frameworks/OpenCL.framework/Headers/cl.h>

int main(int argc, char** argv)
{
  (void)argv;
#ifndef CL_VERSION_2_1
  return ((int*)(&CL_VERSION_2_1))[argc];
#else
  (void)argc;
  return 0;
#endif
}
Determining if the CL_VERSION_2_0 exist failed with the following output:
Change Dir: /Users/raphaeltolila/PycharmProjects/assistant Video/Assistant_Jarvis/build_opencv/CMakeFiles/CMakeScratch/TryCompile-SggJXT

Run Build Command(s):/usr/bin/make -f Makefile cmTC_cf97d/fast && /Library/Developer/CommandLineTools/usr/bin/make  -f CMakeFiles/cmTC_cf97d.dir/build.make CMakeFiles/cmTC_cf97d.dir/build
Building C object CMakeFiles/cmTC_cf97d.dir/CheckSymbolExists.c.o
/Library/Developer/CommandLineTools/usr/bin/cc  -F/Library/Developer/CommandLineTools/SDKs/MacOSX12.3.sdk/System/Library/Frameworks -fsigned-char -W -Wall -Wreturn-type -Wnon-virtual-dtor -Waddress -Wsequence-point -Wformat -Wformat-security -Wmissing-declarations -Wmissing-prototypes -Wstrict-prototypes -Wundef -Winit-self -Wpointer-arith -Wshadow -Wsign-promo -Wuninitialized -Wno-delete-non-virtual-dtor -Wno-unnamed-type-template-args -Wno-comment -fdiagnostics-show-option -Wno-long-long -Qunused-arguments -Wno-semicolon-before-method-body -ffunction-sections -fdata-sections  -fvisibility=hidden -fvisibility-inlines-hidden  -O3 -DNDEBUG  -DNDEBUG -isysroot /Library/Developer/CommandLineTools/SDKs/MacOSX12.3.sdk -fPIE -MD -MT CMakeFiles/cmTC_cf97d.dir/CheckSymbolExists.c.o -MF CMakeFiles/cmTC_cf97d.dir/CheckSymbolExists.c.o.d -o CMakeFiles/cmTC_cf97d.dir/CheckSymbolExists.c.o -c "/Users/raphaeltolila/PycharmProjects/assistant Video/Assistant_Jarvis/build_opencv/CMakeFiles/CMakeScratch/TryCompile-SggJXT/CheckSymbolExists.c"
/Users/raphaeltolila/PycharmProjects/assistant Video/Assistant_Jarvis/build_opencv/CMakeFiles/CMakeScratch/TryCompile-SggJXT/CheckSymbolExists.c:8:19: error: use of undeclared identifier 'CL_VERSION_2_0'
  return ((int*)(&CL_VERSION_2_0))[argc];
                  ^
1 error generated.
make[1]: *** [CMakeFiles/cmTC_cf97d.dir/CheckSymbolExists.c.o] Error 1
make: *** [cmTC_cf97d/fast] Error 2


File CheckSymbolExists.c:
/* */
#include </Library/Developer/CommandLineTools/SDKs/MacOSX12.3.sdk/System/Library/Frameworks/OpenCL.framework/Headers/cl.h>

int main(int argc, char** argv)
{
  (void)argv;
#ifndef CL_VERSION_2_0
  return ((int*)(&CL_VERSION_2_0))[argc];
#else
  (void)argc;
  return 0;
#endif
}
